Using pre-set license
Built from '2020.3/staging' branch; Version is '2020.3.18f1 (a7d1c678663c) revision 10998214'; Using compiler version '192528614'; Build Type 'Release'
OS: 'Windows 10 Home Single Language; OS build 19043.1237; Version 2009; 64bit' Language: 'en' Physical Memory: 15731 MB
BatchMode: 1, IsHumanControllingUs: 0, StartBugReporterOnCrash: 0, Is64bit: 1, IsPro: 0

COMMAND LINE ARGUMENTS:
C:\unity_editors\2020.3.18f1\Editor\Unity.exe
-adb2
-batchMode
-noUpm
-name
AssetImportWorker0
-projectPath
C:/Git-Hub/NITR_ENVIRONMENT/Environment
-logFile
Logs/AssetImportWorker0.log
-srvPort
64909
Successfully changed project path to: C:/Git-Hub/NITR_ENVIRONMENT/Environment
C:/Git-Hub/NITR_ENVIRONMENT/Environment
Using Asset Import Pipeline V2.
Refreshing native plugins compatible for Editor in 64.22 ms, found 2 plugins.
Preloading 0 native plugins for Editor in 0.00 ms.
Initialize engine version: 2020.3.18f1 (a7d1c678663c)
[Subsystems] Discovering subsystems at path C:/unity_editors/2020.3.18f1/Editor/Data/Resources/UnitySubsystems
[Subsystems] Discovering subsystems at path C:/Git-Hub/NITR_ENVIRONMENT/Environment/Assets
GfxDevice: creating device client; threaded=0
Direct3D:
    Version:  Direct3D 11.0 [level 11.1]
    Renderer: NVIDIA GeForce RTX 2060 (ID=0x1f15)
    Vendor:   
    VRAM:     5980 MB
    Driver:   27.21.14.6280
Initialize mono
Mono path[0] = 'C:/unity_editors/2020.3.18f1/Editor/Data/Managed'
Mono path[1] = 'C:/unity_editors/2020.3.18f1/Editor/Data/MonoBleedingEdge/lib/mono/unityjit'
Mono config path = 'C:/unity_editors/2020.3.18f1/Editor/Data/MonoBleedingEdge/etc'
Using monoOptions --debugger-agent=transport=dt_socket,embedding=1,server=y,suspend=n,address=127.0.0.1:56100
Begin MonoManager ReloadAssembly
Registering precompiled unity dll's ...
Register platform support module: C:/unity_editors/2020.3.18f1/Editor/Data/PlaybackEngines/WebGLSupport/UnityEditor.WebGL.Extensions.dll
Register platform support module: C:/unity_editors/2020.3.18f1/Editor/Data/PlaybackEngines/WindowsStandaloneSupport/UnityEditor.WindowsStandalone.Extensions.dll
Registered in 0.002780 seconds.
Native extension for WindowsStandalone target not found
Native extension for WebGL target not found
Refreshing native plugins compatible for Editor in 69.23 ms, found 2 plugins.
Preloading 0 native plugins for Editor in 0.00 ms.
Mono: successfully reloaded assembly
- Completed reload, in  1.327 seconds
Domain Reload Profiling:
	ReloadAssembly (1327ms)
		BeginReloadAssembly (63ms)
			ExecutionOrderSort (0ms)
			DisableScriptedObjects (0ms)
			BackupInstance (0ms)
			ReleaseScriptingObjects (0ms)
			CreateAndSetChildDomain (1ms)
		EndReloadAssembly (429ms)
			LoadAssemblies (62ms)
			RebuildTransferFunctionScriptingTraits (0ms)
			SetupTypeCache (139ms)
			ReleaseScriptCaches (0ms)
			RebuildScriptCaches (32ms)
			SetupLoadedEditorAssemblies (189ms)
				LogAssemblyErrors (0ms)
				InitializePlatformSupportModulesInManaged (5ms)
				SetLoadedEditorAssemblies (0ms)
				RefreshPlugins (69ms)
				BeforeProcessingInitializeOnLoad (18ms)
				ProcessInitializeOnLoadAttributes (69ms)
				ProcessInitializeOnLoadMethodAttributes (27ms)
				AfterProcessingInitializeOnLoad (0ms)
				EditorAssembliesLoaded (0ms)
			ExecutionOrderSort2 (0ms)
			AwakeInstancesAfterBackupRestoration (0ms)
Platform modules already initialized, skipping
Registering precompiled user dll's ...
Registered in 0.005037 seconds.
Begin MonoManager ReloadAssembly
Native extension for WindowsStandalone target not found
Native extension for WebGL target not found
Refreshing native plugins compatible for Editor in 67.27 ms, found 2 plugins.
Preloading 0 native plugins for Editor in 0.00 ms.
Mono: successfully reloaded assembly
- Completed reload, in  1.160 seconds
Domain Reload Profiling:
	ReloadAssembly (1161ms)
		BeginReloadAssembly (143ms)
			ExecutionOrderSort (0ms)
			DisableScriptedObjects (4ms)
			BackupInstance (0ms)
			ReleaseScriptingObjects (0ms)
			CreateAndSetChildDomain (19ms)
		EndReloadAssembly (954ms)
			LoadAssemblies (101ms)
			RebuildTransferFunctionScriptingTraits (0ms)
			SetupTypeCache (324ms)
			ReleaseScriptCaches (1ms)
			RebuildScriptCaches (52ms)
			SetupLoadedEditorAssemblies (364ms)
				LogAssemblyErrors (0ms)
				InitializePlatformSupportModulesInManaged (5ms)
				SetLoadedEditorAssemblies (0ms)
				RefreshPlugins (67ms)
				BeforeProcessingInitializeOnLoad (95ms)
				ProcessInitializeOnLoadAttributes (184ms)
				ProcessInitializeOnLoadMethodAttributes (4ms)
				AfterProcessingInitializeOnLoad (8ms)
				EditorAssembliesLoaded (0ms)
			ExecutionOrderSort2 (0ms)
			AwakeInstancesAfterBackupRestoration (5ms)
Platform modules already initialized, skipping
========================================================================
Worker process is ready to serve import requests
Launched and connected shader compiler UnityShaderCompiler.exe after 0.05 seconds
Refreshing native plugins compatible for Editor in 0.76 ms, found 2 plugins.
Preloading 0 native plugins for Editor in 0.00 ms.
Unloading 2918 Unused Serialized files (Serialized files now loaded: 0)
System memory in use before: 158.3 MB.
System memory in use after: 158.1 MB.

Unloading 19 unused Assets to reduce memory usage. Loaded Objects now: 3355.
Total: 4.290500 ms (FindLiveObjects: 0.297900 ms CreateObjectMapping: 0.081600 ms MarkObjects: 3.594500 ms  DeleteObjects: 0.314500 ms)

AssetImportParameters requested are different than current active one (requested -> active):
  custom:framework-win-MediaFoundation: 216162199b28c13a410421893ffa2e32 -> 
  custom:video-decoder-ogg-theora: a1e56fd34408186e4bbccfd4996cb3dc -> 
  custom:container-muxer-webm: aa71ff27fc2769a1b78a27578f13a17b -> 
  custom:container-demuxer-webm: 4f35f7cbe854078d1ac9338744f61a02 -> 
  custom:container-demuxer-ogg: 62fdf1f143b41e24485cea50d1cbac27 -> 
  custom:video-encoder-webm-vp8: eb34c28f22e8b96e1ab97ce403110664 -> 
  custom:video-codec-MediaFoundation-h265: 746d11721c4dcdbdad8f713fa42b33f4 -> 
  custom:video-decoder-webm-vp8: 9c59270c3fd7afecdb556c50c9e8de78 -> 
  custom:audio-decoder-ogg-vorbis: bf7c407c2cedff20999df2af8eb42d56 -> 
  custom:audio-encoder-webm-vorbis: bf7c407c2cedff20999df2af8eb42d56 -> 
========================================================================
Received Import Request.
  path: Assets/brick_floor_003_diffuse_2k.jpg
  artifactKey: Guid(f80be9b45a458044ba4e9828474026fb) Importer(815301076,1909f56bfc062723c751e8b465ee728b)
Start importing Assets/brick_floor_003_diffuse_2k.jpg using Guid(f80be9b45a458044ba4e9828474026fb) Importer(815301076,1909f56bfc062723c751e8b465ee728b)  -> (artifact id: '32bf05f8f6e936031d8156270749e0a7') in 0.103887 seconds 
  Import took 0.108436 seconds .

========================================================================
Received Import Request.
  Time since last request: 0.000580 seconds.
  path: Assets/floor_tiles_02_nor_gl_2k.jpg
  artifactKey: Guid(44c5821b34505be428e55cf911134c6a) Importer(815301076,1909f56bfc062723c751e8b465ee728b)
Start importing Assets/floor_tiles_02_nor_gl_2k.jpg using Guid(44c5821b34505be428e55cf911134c6a) Importer(815301076,1909f56bfc062723c751e8b465ee728b)  -> (artifact id: '3cb0b358e8770ce74ca86a4bf7d8cd77') in 0.038710 seconds 
  Import took 0.043330 seconds .

========================================================================
Received Import Request.
  Time since last request: 0.000193 seconds.
  path: Assets/NewLayer 4.terrainlayer
  artifactKey: Guid(f46bf44bedc881a448c3bfce93c5af18) Importer(815301076,1909f56bfc062723c751e8b465ee728b)
Start importing Assets/NewLayer 4.terrainlayer using Guid(f46bf44bedc881a448c3bfce93c5af18) Importer(815301076,1909f56bfc062723c751e8b465ee728b)  -> (artifact id: '9f05d136ab5915f2776accc152eb6dfd') in 0.021258 seconds 
  Import took 0.025492 seconds .

========================================================================
Received Import Request.
  Time since last request: 0.000225 seconds.
  path: Assets/NewLayer 5.terrainlayer
  artifactKey: Guid(cd68064e7e4e8b24e96690cbd97eb4da) Importer(815301076,1909f56bfc062723c751e8b465ee728b)
Start importing Assets/NewLayer 5.terrainlayer using Guid(cd68064e7e4e8b24e96690cbd97eb4da) Importer(815301076,1909f56bfc062723c751e8b465ee728b)  -> (artifact id: 'f1036bd6759302464590aceba54d6773') in 0.015997 seconds 
  Import took 0.020684 seconds .

========================================================================
Received Import Request.
  Time since last request: 0.000205 seconds.
  path: Assets/brick_floor_003_rough_2k.jpg
  artifactKey: Guid(b728cff9364ebf14a9b6a8299df2a7e9) Importer(815301076,1909f56bfc062723c751e8b465ee728b)
Start importing Assets/brick_floor_003_rough_2k.jpg using Guid(b728cff9364ebf14a9b6a8299df2a7e9) Importer(815301076,1909f56bfc062723c751e8b465ee728b)  -> (artifact id: '4a6bafe8438a802585f2e0c8c33426e5') in 0.014311 seconds 
  Import took 0.019253 seconds .

========================================================================
Received Import Request.
  Time since last request: 0.000327 seconds.
  path: Assets/asphalt_02_nor_gl_1k.jpg
  artifactKey: Guid(c9f80b4e0656f724681ccefa07af2c5c) Importer(815301076,1909f56bfc062723c751e8b465ee728b)
Start importing Assets/asphalt_02_nor_gl_1k.jpg using Guid(c9f80b4e0656f724681ccefa07af2c5c) Importer(815301076,1909f56bfc062723c751e8b465ee728b)  -> (artifact id: 'f977477cb99bdab4978fef138dc86f2b') in 0.012821 seconds 
  Import took 0.017986 seconds .

========================================================================
Received Import Request.
  Time since last request: 0.000212 seconds.
  path: Assets/forest_leaves_02_rough_1k.jpg
  artifactKey: Guid(2f6c2180992c5d94ebe2033b5d3b8b7b) Importer(815301076,1909f56bfc062723c751e8b465ee728b)
Start importing Assets/forest_leaves_02_rough_1k.jpg using Guid(2f6c2180992c5d94ebe2033b5d3b8b7b) Importer(815301076,1909f56bfc062723c751e8b465ee728b)  -> (artifact id: '428606766ba2873ca22e086163085c7c') in 0.013367 seconds 
  Import took 0.019348 seconds .

========================================================================
Received Import Request.
  Time since last request: 0.000263 seconds.
  path: Assets/NewLayer.terrainlayer
  artifactKey: Guid(0be1fdbaad7a1a0488013c64b7c03811) Importer(815301076,1909f56bfc062723c751e8b465ee728b)
Start importing Assets/NewLayer.terrainlayer using Guid(0be1fdbaad7a1a0488013c64b7c03811) Importer(815301076,1909f56bfc062723c751e8b465ee728b)  -> (artifact id: 'f594ea584671999513b5a87012876dd5') in 0.012949 seconds 
  Import took 0.017546 seconds .

========================================================================
Received Import Request.
  Time since last request: 0.000380 seconds.
  path: Assets/New Terrain.asset
  artifactKey: Guid(8e51a6c20695c5f49bc4ce4e4daf0bef) Importer(815301076,1909f56bfc062723c751e8b465ee728b)
Start importing Assets/New Terrain.asset using Guid(8e51a6c20695c5f49bc4ce4e4daf0bef) Importer(815301076,1909f56bfc062723c751e8b465ee728b)  -> (artifact id: 'd9ddf09a9ed1fdeef711972f71ce38f8') in 0.012951 seconds 
  Import took 0.018650 seconds .

========================================================================
Received Import Request.
  Time since last request: 0.000236 seconds.
  path: Assets/NewLayer 6.terrainlayer
  artifactKey: Guid(d534a1df4a4e0f345982456107750dce) Importer(815301076,1909f56bfc062723c751e8b465ee728b)
Start importing Assets/NewLayer 6.terrainlayer using Guid(d534a1df4a4e0f345982456107750dce) Importer(815301076,1909f56bfc062723c751e8b465ee728b)  -> (artifact id: 'd6e3d542ed6639bdef839ab07bf38983') in 0.012355 seconds 
  Import took 0.017367 seconds .

========================================================================
Received Import Request.
  Time since last request: 0.000224 seconds.
  path: Assets/red_dirt_mud_01_diff_2k.jpg
  artifactKey: Guid(52f231c8a1fd71e4d958c09c3eb7dadd) Importer(815301076,1909f56bfc062723c751e8b465ee728b)
Start importing Assets/red_dirt_mud_01_diff_2k.jpg using Guid(52f231c8a1fd71e4d958c09c3eb7dadd) Importer(815301076,1909f56bfc062723c751e8b465ee728b)  -> (artifact id: '49cc7c1dd67367073479b82d8417017f') in 0.016325 seconds 
  Import took 0.021348 seconds .

========================================================================
Received Import Request.
  Time since last request: 0.000354 seconds.
  path: Assets/square_floor_nor_gl_2k.jpg
  artifactKey: Guid(fd1b545051e455e49aa398607efe18d0) Importer(815301076,1909f56bfc062723c751e8b465ee728b)
Start importing Assets/square_floor_nor_gl_2k.jpg using Guid(fd1b545051e455e49aa398607efe18d0) Importer(815301076,1909f56bfc062723c751e8b465ee728b)  -> (artifact id: '7864fa7a911cafe8d7523b430c2795d0') in 0.016884 seconds 
  Import took 0.022046 seconds .

========================================================================
Received Import Request.
  Time since last request: 0.000216 seconds.
  path: Assets/TerrainData_3b313cad-4804-4202-aec7-3cedd26bcc87.asset
  artifactKey: Guid(e46ea577004734649ba89a8dc24c92b2) Importer(815301076,1909f56bfc062723c751e8b465ee728b)
Start importing Assets/TerrainData_3b313cad-4804-4202-aec7-3cedd26bcc87.asset using Guid(e46ea577004734649ba89a8dc24c92b2) Importer(815301076,1909f56bfc062723c751e8b465ee728b)  -> (artifact id: '814ce607e7b3c9d89d59dbffeee5156d') in 0.017706 seconds 
  Import took 0.022551 seconds .

========================================================================
Received Import Request.
  Time since last request: 0.000310 seconds.
  path: Assets/NewLayer 12.terrainlayer
  artifactKey: Guid(e50a22968dc6c43438ec2ec6953df289) Importer(815301076,1909f56bfc062723c751e8b465ee728b)
Start importing Assets/NewLayer 12.terrainlayer using Guid(e50a22968dc6c43438ec2ec6953df289) Importer(815301076,1909f56bfc062723c751e8b465ee728b)  -> (artifact id: 'e8b120dc6bddea1e1b87c953967c5d34') in 0.055233 seconds 
  Import took 0.060974 seconds .

========================================================================
Received Import Request.
  Time since last request: 0.003292 seconds.
  path: Assets/NewLayer 11.terrainlayer
  artifactKey: Guid(999f2280549367e49960eb4566661371) Importer(815301076,1909f56bfc062723c751e8b465ee728b)
Start importing Assets/NewLayer 11.terrainlayer using Guid(999f2280549367e49960eb4566661371) Importer(815301076,1909f56bfc062723c751e8b465ee728b)  -> (artifact id: '091a6c589841917a6de9abfa5173766d') in 0.030614 seconds 
  Import took 0.036414 seconds .

========================================================================
Received Import Request.
  Time since last request: 0.000161 seconds.
  path: Assets/SkyboxProcedural.mat
  artifactKey: Guid(bf1bf92a3ce592e40b898be6c21cc2fa) Importer(815301076,1909f56bfc062723c751e8b465ee728b)
Start importing Assets/SkyboxProcedural.mat using Guid(bf1bf92a3ce592e40b898be6c21cc2fa) Importer(815301076,1909f56bfc062723c751e8b465ee728b)  -> (artifact id: 'eab969fffff317dac5b4749f12b5d6ca') in 0.131916 seconds 
  Import took 0.138183 seconds .

========================================================================
Received Import Request.
  Time since last request: 0.000224 seconds.
  path: Assets/NewLayer 2.terrainlayer
  artifactKey: Guid(881d0f3616f6a184c92d60e68f1c29cd) Importer(815301076,1909f56bfc062723c751e8b465ee728b)
Start importing Assets/NewLayer 2.terrainlayer using Guid(881d0f3616f6a184c92d60e68f1c29cd) Importer(815301076,1909f56bfc062723c751e8b465ee728b)  -> (artifact id: '0fc4206f119b12423953612ea2ee4d68') in 0.024715 seconds 
  Import took 0.029499 seconds .

========================================================================
Received Import Request.
  Time since last request: 0.000300 seconds.
  path: Assets/TerrainData_58e5049a-f564-4d7c-9634-3cad1756457c.asset
  artifactKey: Guid(a775b0a9283661f40822f2b7cc96fe17) Importer(815301076,1909f56bfc062723c751e8b465ee728b)
Start importing Assets/TerrainData_58e5049a-f564-4d7c-9634-3cad1756457c.asset using Guid(a775b0a9283661f40822f2b7cc96fe17) Importer(815301076,1909f56bfc062723c751e8b465ee728b)  -> (artifact id: '14b7c741082af50537fb4319d5771201') in 0.015303 seconds 
  Import took 0.019708 seconds .

========================================================================
Received Import Request.
  Time since last request: 0.000204 seconds.
  path: Assets/floor_tiles_02_diff_2k.jpg
  artifactKey: Guid(b45c7018b2faee04391a2a5704736267) Importer(815301076,1909f56bfc062723c751e8b465ee728b)
Start importing Assets/floor_tiles_02_diff_2k.jpg using Guid(b45c7018b2faee04391a2a5704736267) Importer(815301076,1909f56bfc062723c751e8b465ee728b)  -> (artifact id: '0ec1e477f1e3df15478f1616a5d472f1') in 0.013125 seconds 
  Import took 0.018520 seconds .

========================================================================
Received Import Request.
  Time since last request: 0.000184 seconds.
  path: Assets/New Terrain 1.asset
  artifactKey: Guid(91156397d7db7dc4fa085c79788a6985) Importer(815301076,1909f56bfc062723c751e8b465ee728b)
Start importing Assets/New Terrain 1.asset using Guid(91156397d7db7dc4fa085c79788a6985) Importer(815301076,1909f56bfc062723c751e8b465ee728b)  -> (artifact id: '75453b306aabd645604e4bdcd563a8b9') in 0.076978 seconds 
  Import took 0.082331 seconds .

========================================================================
Received Import Request.
  Time since last request: 0.000286 seconds.
  path: Assets/forest_leaves_02_nor_gl_1k.jpg
  artifactKey: Guid(e2798b263c62e68438c760e7466c5bc9) Importer(815301076,1909f56bfc062723c751e8b465ee728b)
Start importing Assets/forest_leaves_02_nor_gl_1k.jpg using Guid(e2798b263c62e68438c760e7466c5bc9) Importer(815301076,1909f56bfc062723c751e8b465ee728b)  -> (artifact id: 'd4fad6e02a3f20476adedfca9e609db6') in 0.011628 seconds 
  Import took 0.016175 seconds .

========================================================================
Received Import Request.
  Time since last request: 0.000321 seconds.
  path: Assets/brick_floor_003_nor_gl_2k.jpg
  artifactKey: Guid(fb7e183784b2a5843bcaf22f7035ca87) Importer(815301076,1909f56bfc062723c751e8b465ee728b)
Start importing Assets/brick_floor_003_nor_gl_2k.jpg using Guid(fb7e183784b2a5843bcaf22f7035ca87) Importer(815301076,1909f56bfc062723c751e8b465ee728b)  -> (artifact id: '710ec9e03e15742798a4d64ad14fc2b1') in 0.015425 seconds 
  Import took 0.019910 seconds .

========================================================================
Received Import Request.
  Time since last request: 0.000197 seconds.
  path: Assets/New Post-processing Profile.asset
  artifactKey: Guid(c295c10a7170b06449cdfb4365189e15) Importer(815301076,1909f56bfc062723c751e8b465ee728b)
Start importing Assets/New Post-processing Profile.asset using Guid(c295c10a7170b06449cdfb4365189e15) Importer(815301076,1909f56bfc062723c751e8b465ee728b)  -> (artifact id: 'cf72153c3c6c824eb7d7e1db6b201b94') in 0.025028 seconds 
  Import took 0.029989 seconds .

========================================================================
Received Import Request.
  Time since last request: 0.000196 seconds.
  path: Assets/New Terrain 2.asset
  artifactKey: Guid(87d2a64065cd50c4fb3484a842581f6c) Importer(815301076,1909f56bfc062723c751e8b465ee728b)
Start importing Assets/New Terrain 2.asset using Guid(87d2a64065cd50c4fb3484a842581f6c) Importer(815301076,1909f56bfc062723c751e8b465ee728b)  -> (artifact id: '4b9f0b2f7d62d400476a58bd95b5932c') in 0.019799 seconds 
  Import took 0.024634 seconds .

========================================================================
Received Import Request.
  Time since last request: 0.000207 seconds.
  path: Assets/brown_mud_leaves_01_nor_gl_2k.jpg
  artifactKey: Guid(e24c4b793f0834241a9c24f74a23d473) Importer(815301076,1909f56bfc062723c751e8b465ee728b)
Start importing Assets/brown_mud_leaves_01_nor_gl_2k.jpg using Guid(e24c4b793f0834241a9c24f74a23d473) Importer(815301076,1909f56bfc062723c751e8b465ee728b)  -> (artifact id: 'ab88b0e56ec6679d39d3393c3f6c6c21') in 0.014778 seconds 
  Import took 0.019541 seconds .

========================================================================
Received Import Request.
  Time since last request: 0.000220 seconds.
  path: Assets/NewLayer 8.terrainlayer
  artifactKey: Guid(f43a83c6af196974f8386222c4c8b61b) Importer(815301076,1909f56bfc062723c751e8b465ee728b)
Start importing Assets/NewLayer 8.terrainlayer using Guid(f43a83c6af196974f8386222c4c8b61b) Importer(815301076,1909f56bfc062723c751e8b465ee728b)  -> (artifact id: '9931daf19bea42080c300d3ed8fc57f6') in 0.015302 seconds 
  Import took 0.019939 seconds .

========================================================================
Received Import Request.
  Time since last request: 0.000185 seconds.
  path: Assets/NewLayer 9.terrainlayer
  artifactKey: Guid(61908332edb57824994807c8c137505d) Importer(815301076,1909f56bfc062723c751e8b465ee728b)
Start importing Assets/NewLayer 9.terrainlayer using Guid(61908332edb57824994807c8c137505d) Importer(815301076,1909f56bfc062723c751e8b465ee728b)  -> (artifact id: '5257659f974a0659bf0a437884a9abb3') in 0.014013 seconds 
  Import took 0.018748 seconds .

========================================================================
Received Import Request.
  Time since last request: 0.000221 seconds.
  path: Assets/floor_tiles_02_rough_2k.jpg
  artifactKey: Guid(88996be00c1695647a38d76ebdcb20f5) Importer(815301076,1909f56bfc062723c751e8b465ee728b)
Start importing Assets/floor_tiles_02_rough_2k.jpg using Guid(88996be00c1695647a38d76ebdcb20f5) Importer(815301076,1909f56bfc062723c751e8b465ee728b)  -> (artifact id: 'f7db292f1e75fd8c880724c569dbbc45') in 0.014517 seconds 
  Import took 0.019108 seconds .

========================================================================
Received Import Request.
  Time since last request: 0.000210 seconds.
  path: Assets/asphalt_02_rough_1k.jpg
  artifactKey: Guid(62c20545e68d3c34296727004b12ccd6) Importer(815301076,1909f56bfc062723c751e8b465ee728b)
Start importing Assets/asphalt_02_rough_1k.jpg using Guid(62c20545e68d3c34296727004b12ccd6) Importer(815301076,1909f56bfc062723c751e8b465ee728b)  -> (artifact id: '07908d012a4fac44092ad751e707f895') in 0.011943 seconds 
  Import took 0.017103 seconds .

========================================================================
Received Import Request.
  Time since last request: 0.000199 seconds.
  path: Assets/red_dirt_mud_01_rough_2k.jpg
  artifactKey: Guid(27a71e14698d15448939eb314616e705) Importer(815301076,1909f56bfc062723c751e8b465ee728b)
Start importing Assets/red_dirt_mud_01_rough_2k.jpg using Guid(27a71e14698d15448939eb314616e705) Importer(815301076,1909f56bfc062723c751e8b465ee728b)  -> (artifact id: 'e2ae4f9533af8dd1cbb428b32efd89dd') in 0.014489 seconds 
  Import took 0.019007 seconds .

========================================================================
Received Import Request.
  Time since last request: 0.000260 seconds.
  path: Assets/Screenshot 2021-09-22 231804.png
  artifactKey: Guid(4392e30f248fb9b4ebb8d72e75a6d319) Importer(815301076,1909f56bfc062723c751e8b465ee728b)
Start importing Assets/Screenshot 2021-09-22 231804.png using Guid(4392e30f248fb9b4ebb8d72e75a6d319) Importer(815301076,1909f56bfc062723c751e8b465ee728b)  -> (artifact id: 'f7a8f35afe74409818a6306cb0768479') in 0.013751 seconds 
  Import took 0.018334 seconds .

========================================================================
Received Import Request.
  Time since last request: 0.000240 seconds.
  path: Assets/forest_leaves_02_diffuse_1k.jpg
  artifactKey: Guid(75d88df388dfe29409ea0f80917d0290) Importer(815301076,1909f56bfc062723c751e8b465ee728b)
Start importing Assets/forest_leaves_02_diffuse_1k.jpg using Guid(75d88df388dfe29409ea0f80917d0290) Importer(815301076,1909f56bfc062723c751e8b465ee728b)  -> (artifact id: '2a4400778fae783e9c5aec0dafccc2f2') in 0.011019 seconds 
  Import took 0.015934 seconds .

========================================================================
Received Import Request.
  Time since last request: 0.000408 seconds.
  path: Assets/NewLayer 7.terrainlayer
  artifactKey: Guid(bd5dcdcbf8fe4bd469c73eb2a894cdb3) Importer(815301076,1909f56bfc062723c751e8b465ee728b)
Start importing Assets/NewLayer 7.terrainlayer using Guid(bd5dcdcbf8fe4bd469c73eb2a894cdb3) Importer(815301076,1909f56bfc062723c751e8b465ee728b)  -> (artifact id: '5bf04311e3a4295a58dcea6b26f45274') in 0.016959 seconds 
  Import took 0.022047 seconds .

========================================================================
Received Import Request.
  Time since last request: 0.000213 seconds.
  path: Assets/TerrainData_3d226990-f3d4-409c-bff2-4a1c2fc7a66e.asset
  artifactKey: Guid(b372bc8f225220b49971ca5f3383a8e4) Importer(815301076,1909f56bfc062723c751e8b465ee728b)
Start importing Assets/TerrainData_3d226990-f3d4-409c-bff2-4a1c2fc7a66e.asset using Guid(b372bc8f225220b49971ca5f3383a8e4) Importer(815301076,1909f56bfc062723c751e8b465ee728b)  -> (artifact id: '386af287209cc31e1f689b84deed2a3a') in 0.014616 seconds 
  Import took 0.019760 seconds .

========================================================================
Received Import Request.
  Time since last request: 0.000178 seconds.
  path: Assets/TerrainData_227e1465-37d4-4d58-9efe-511eb4e6d262.asset
  artifactKey: Guid(5fde140dcc6cea54387bd78ec4b8e72b) Importer(815301076,1909f56bfc062723c751e8b465ee728b)
Start importing Assets/TerrainData_227e1465-37d4-4d58-9efe-511eb4e6d262.asset using Guid(5fde140dcc6cea54387bd78ec4b8e72b) Importer(815301076,1909f56bfc062723c751e8b465ee728b)  -> (artifact id: '922d007c6a20a7075d0e0b28074e3d57') in 0.015920 seconds 
  Import took 0.020812 seconds .

========================================================================
Received Import Request.
  Time since last request: 0.000192 seconds.
  path: Assets/square_floor_rough_2k.jpg
  artifactKey: Guid(68eb544fc234d4140aba2c6a58a84cfc) Importer(815301076,1909f56bfc062723c751e8b465ee728b)
Start importing Assets/square_floor_rough_2k.jpg using Guid(68eb544fc234d4140aba2c6a58a84cfc) Importer(815301076,1909f56bfc062723c751e8b465ee728b)  -> (artifact id: '0c38315d14caf62741d50ac1fd735943') in 0.014348 seconds 
  Import took 0.018772 seconds .

========================================================================
Received Import Request.
  Time since last request: 0.000230 seconds.
  path: Assets/square_floor_diff_2k.jpg
  artifactKey: Guid(20a837e90738abe4cbd5f6e15d5b4052) Importer(815301076,1909f56bfc062723c751e8b465ee728b)
Start importing Assets/square_floor_diff_2k.jpg using Guid(20a837e90738abe4cbd5f6e15d5b4052) Importer(815301076,1909f56bfc062723c751e8b465ee728b)  -> (artifact id: 'ebe58bc1fa3114d1b83fa68a75eb6162') in 0.013686 seconds 
  Import took 0.018420 seconds .

========================================================================
Received Import Request.
  Time since last request: 0.000199 seconds.
  path: Assets/TerrainData_a8fc16a8-15f7-4612-b692-c5bdffd19ebe.asset
  artifactKey: Guid(2bcafa4ce9f33da4183f7eaf4fdb4894) Importer(815301076,1909f56bfc062723c751e8b465ee728b)
Start importing Assets/TerrainData_a8fc16a8-15f7-4612-b692-c5bdffd19ebe.asset using Guid(2bcafa4ce9f33da4183f7eaf4fdb4894) Importer(815301076,1909f56bfc062723c751e8b465ee728b)  -> (artifact id: '133ba95971c0849a9463544be9615b84') in 0.015303 seconds 
  Import took 0.020198 seconds .

========================================================================
Received Import Request.
  Time since last request: 0.000192 seconds.
  path: Assets/red_dirt_mud_01_nor_gl_2k.jpg
  artifactKey: Guid(cf8bff1d997506546830c81c251a3357) Importer(815301076,1909f56bfc062723c751e8b465ee728b)
Start importing Assets/red_dirt_mud_01_nor_gl_2k.jpg using Guid(cf8bff1d997506546830c81c251a3357) Importer(815301076,1909f56bfc062723c751e8b465ee728b)  -> (artifact id: 'dbb18ef47fdffa6888003feb1de4e224') in 0.013625 seconds 
  Import took 0.019436 seconds .

========================================================================
Received Import Request.
  Time since last request: 0.000207 seconds.
  path: Assets/asphalt_02_diff_1k.jpg
  artifactKey: Guid(789ebb8b340fdfb48a89351f1dd1e7fd) Importer(815301076,1909f56bfc062723c751e8b465ee728b)
Start importing Assets/asphalt_02_diff_1k.jpg using Guid(789ebb8b340fdfb48a89351f1dd1e7fd) Importer(815301076,1909f56bfc062723c751e8b465ee728b)  -> (artifact id: '2198e77d5192a4135035dca5f391fc96') in 0.010681 seconds 
  Import took 0.015221 seconds .

========================================================================
Received Import Request.
  Time since last request: 0.000205 seconds.
  path: Assets/NewLayer 1.terrainlayer
  artifactKey: Guid(084d4c3fce49aed4790517fc7c5f9dc0) Importer(815301076,1909f56bfc062723c751e8b465ee728b)
Start importing Assets/NewLayer 1.terrainlayer using Guid(084d4c3fce49aed4790517fc7c5f9dc0) Importer(815301076,1909f56bfc062723c751e8b465ee728b)  -> (artifact id: '0d4b9ebbd518709f4294aaec8f123adc') in 0.011481 seconds 
  Import took 0.016591 seconds .

========================================================================
Received Import Request.
  Time since last request: 0.000187 seconds.
  path: Assets/brown_mud_leaves_01_rough_2k.jpg
  artifactKey: Guid(e1fb783043586ec45ad2701bc297dac8) Importer(815301076,1909f56bfc062723c751e8b465ee728b)
Start importing Assets/brown_mud_leaves_01_rough_2k.jpg using Guid(e1fb783043586ec45ad2701bc297dac8) Importer(815301076,1909f56bfc062723c751e8b465ee728b)  -> (artifact id: '265dff3e2b1636561b23d0ec4d7a6b64') in 0.014766 seconds 
  Import took 0.019265 seconds .

========================================================================
Received Import Request.
  Time since last request: 0.000248 seconds.
  path: Assets/NewLayer 3.terrainlayer
  artifactKey: Guid(b17095ff7f1157a4dbf7f7741ca4df1d) Importer(815301076,1909f56bfc062723c751e8b465ee728b)
Start importing Assets/NewLayer 3.terrainlayer using Guid(b17095ff7f1157a4dbf7f7741ca4df1d) Importer(815301076,1909f56bfc062723c751e8b465ee728b)  -> (artifact id: '9f01c08c4e77b50ea0029a3eb788a6cb') in 0.012388 seconds 
  Import took 0.017081 seconds .

========================================================================
Received Import Request.
  Time since last request: 0.000185 seconds.
  path: Assets/NewLayer 10.terrainlayer
  artifactKey: Guid(425f92b36a595944da9d5f357ecdca7c) Importer(815301076,1909f56bfc062723c751e8b465ee728b)
Start importing Assets/NewLayer 10.terrainlayer using Guid(425f92b36a595944da9d5f357ecdca7c) Importer(815301076,1909f56bfc062723c751e8b465ee728b)  -> (artifact id: 'd32a2ae9313d6585d8dd00c5228047cb') in 0.013624 seconds 
  Import took 0.018316 seconds .

========================================================================
Received Import Request.
  Time since last request: 0.000203 seconds.
  path: Assets/brown_mud_leaves_01_diff_2k.jpg
  artifactKey: Guid(e9148d76a0ed1b744bfb48e191745d4b) Importer(815301076,1909f56bfc062723c751e8b465ee728b)
Start importing Assets/brown_mud_leaves_01_diff_2k.jpg using Guid(e9148d76a0ed1b744bfb48e191745d4b) Importer(815301076,1909f56bfc062723c751e8b465ee728b)  -> (artifact id: 'db03abb6a6267134652f62f0c32a33ff') in 0.012828 seconds 
  Import took 0.017268 seconds .

========================================================================
Received Import Request.
  Time since last request: 0.000394 seconds.
  path: Assets/main_building.fbx
  artifactKey: Guid(2297f1a5c81fe2041a9cfb3486378584) Importer(815301076,1909f56bfc062723c751e8b465ee728b)
Start importing Assets/main_building.fbx using Guid(2297f1a5c81fe2041a9cfb3486378584) Importer(815301076,1909f56bfc062723c751e8b465ee728b)  -> (artifact id: '3a55900c0aac26bba4b1c3bdc33eefb0') in 1.965792 seconds 
  Import took 1.972210 seconds .

========================================================================
Received Import Request.
  Time since last request: 158.900692 seconds.
  path: Assets/TerrainData_cdb4058d-0e8b-4acf-a04b-1bfcc1656a35.asset
  artifactKey: Guid(df56d0180a7354046af8579b3f892a04) Importer(815301076,1909f56bfc062723c751e8b465ee728b)
Start importing Assets/TerrainData_cdb4058d-0e8b-4acf-a04b-1bfcc1656a35.asset using Guid(df56d0180a7354046af8579b3f892a04) Importer(815301076,1909f56bfc062723c751e8b465ee728b)  -> (artifact id: 'fd1de5dac287e911c0d6c585ecf4a98a') in 0.016056 seconds 
  Import took 0.020861 seconds .

========================================================================
Received Import Request.
  Time since last request: 0.000231 seconds.
  path: Assets/tiled_floor_001_rough_2k.jpg
  artifactKey: Guid(0bad373b08acd474ca262967271b8bb6) Importer(815301076,1909f56bfc062723c751e8b465ee728b)
Start importing Assets/tiled_floor_001_rough_2k.jpg using Guid(0bad373b08acd474ca262967271b8bb6) Importer(815301076,1909f56bfc062723c751e8b465ee728b)  -> (artifact id: '353cf006b7c518e4c2cbcc67345a74c5') in 0.019911 seconds 
  Import took 0.024459 seconds .

========================================================================
Received Import Request.
  Time since last request: 0.000229 seconds.
  path: Assets/tiled_floor_001_diffuse_2k.jpg
  artifactKey: Guid(ee6e813f7d32db4408d4a5492cc7f30c) Importer(815301076,1909f56bfc062723c751e8b465ee728b)
Start importing Assets/tiled_floor_001_diffuse_2k.jpg using Guid(ee6e813f7d32db4408d4a5492cc7f30c) Importer(815301076,1909f56bfc062723c751e8b465ee728b)  -> (artifact id: 'e3d505832aae2dc59d79881c047f18ec') in 0.020296 seconds 
  Import took 0.025324 seconds .

========================================================================
Received Import Request.
  Time since last request: 0.000578 seconds.
  path: Assets/the_sky_is_on_fire_4k.hdr
  artifactKey: Guid(68c28cda20934e54fae9ca64738ef2e0) Importer(815301076,1909f56bfc062723c751e8b465ee728b)
Start importing Assets/the_sky_is_on_fire_4k.hdr using Guid(68c28cda20934e54fae9ca64738ef2e0) Importer(815301076,1909f56bfc062723c751e8b465ee728b)  -> (artifact id: '836b9bedff22b5db04c0719bd934d5ff') in 0.060577 seconds 
  Import took 0.067918 seconds .

========================================================================
Received Import Request.
  Time since last request: 0.000202 seconds.
  path: Assets/TerrainData_cdb4058d-0e8b-4acf-a04b-1bfcc1656a35.asset
  artifactKey: Guid(df56d0180a7354046af8579b3f892a04) Importer(815301076,1909f56bfc062723c751e8b465ee728b)
Start importing Assets/TerrainData_cdb4058d-0e8b-4acf-a04b-1bfcc1656a35.asset using Guid(df56d0180a7354046af8579b3f892a04) Importer(815301076,1909f56bfc062723c751e8b465ee728b)  -> (artifact id: 'fd1de5dac287e911c0d6c585ecf4a98a') in 0.014079 seconds 
  Import took 0.019162 seconds .

========================================================================
Received Import Request.
  Time since last request: 0.000329 seconds.
  path: Assets/tiled_floor_001_nor_gl_2k.jpg
  artifactKey: Guid(e8ccc1c577e4093408c2ee4604828f75) Importer(815301076,1909f56bfc062723c751e8b465ee728b)
Start importing Assets/tiled_floor_001_nor_gl_2k.jpg using Guid(e8ccc1c577e4093408c2ee4604828f75) Importer(815301076,1909f56bfc062723c751e8b465ee728b)  -> (artifact id: 'b82b479c9edc92cb66714856ac464b88') in 0.015311 seconds 
  Import took 0.019960 seconds .

========================================================================
Received Import Request.
  Time since last request: 0.000324 seconds.
  path: Assets/the_sky_is_on_fire_4k.exr
  artifactKey: Guid(af39e33bb4a2c574d99b1ea22d3e8812) Importer(815301076,1909f56bfc062723c751e8b465ee728b)
Start importing Assets/the_sky_is_on_fire_4k.exr using Guid(af39e33bb4a2c574d99b1ea22d3e8812) Importer(815301076,1909f56bfc062723c751e8b465ee728b)  -> (artifact id: 'da167bcdda563fd3f3a0d231fc4754c0') in 0.052118 seconds 
  Import took 0.058768 seconds .

========================================================================
Received Import Request.
  Time since last request: 2.993119 seconds.
  path: Assets/SampleScenes
  artifactKey: Guid(3d8829ac873af27488b1412b8db301ab) Importer(815301076,1909f56bfc062723c751e8b465ee728b)
Start importing Assets/SampleScenes using Guid(3d8829ac873af27488b1412b8db301ab) Importer(815301076,1909f56bfc062723c751e8b465ee728b)  -> (artifact id: 'ef1142f46e2c410b6040e8c75a1090c0') in 0.003040 seconds 
  Import took 0.007576 seconds .

========================================================================
Received Import Request.
  Time since last request: 0.008599 seconds.
  path: Assets/SampleScenes
  artifactKey: Guid(3d8829ac873af27488b1412b8db301ab) Importer(815301076,1909f56bfc062723c751e8b465ee728b)
Start importing Assets/SampleScenes using Guid(3d8829ac873af27488b1412b8db301ab) Importer(815301076,1909f56bfc062723c751e8b465ee728b)  -> (artifact id: 'ef1142f46e2c410b6040e8c75a1090c0') in 0.003081 seconds 
  Import took 0.007863 seconds .

========================================================================
Received Import Request.
  Time since last request: 2.959208 seconds.
  path: Assets/SampleScenes/Scenes
  artifactKey: Guid(26c0bbb8e6792b546bf28bbe08d7c96d) Importer(815301076,1909f56bfc062723c751e8b465ee728b)
Start importing Assets/SampleScenes/Scenes using Guid(26c0bbb8e6792b546bf28bbe08d7c96d) Importer(815301076,1909f56bfc062723c751e8b465ee728b)  -> (artifact id: '29f8b2d773b757a8835e29fd9ddb7b09') in 0.003559 seconds 
  Import took 0.008509 seconds .

========================================================================
Received Import Request.
  Time since last request: 9.253550 seconds.
  path: Assets/Scenes
  artifactKey: Guid(213ba739d6c72ce4086c7097ecbba485) Importer(815301076,1909f56bfc062723c751e8b465ee728b)
Start importing Assets/Scenes using Guid(213ba739d6c72ce4086c7097ecbba485) Importer(815301076,1909f56bfc062723c751e8b465ee728b)  -> (artifact id: '9a578a05dcb2d0522daee5dd11c29c1b') in 0.002873 seconds 
  Import took 0.007368 seconds .

========================================================================
Received Import Request.
  Time since last request: 1.293616 seconds.
  path: Assets/Scenes/environment.unity
  artifactKey: Guid(9fc0d4010bbf28b4594072e72b8655ab) Importer(815301076,1909f56bfc062723c751e8b465ee728b)
Start importing Assets/Scenes/environment.unity using Guid(9fc0d4010bbf28b4594072e72b8655ab) Importer(815301076,1909f56bfc062723c751e8b465ee728b)  -> (artifact id: 'f09d7bfad9712a8e7b9bcca9d0d88aa1') in 0.003453 seconds 
  Import took 0.008546 seconds .

========================================================================
Received Prepare
Registering precompiled user dll's ...
Registered in 0.004784 seconds.
Begin MonoManager ReloadAssembly
Native extension for WindowsStandalone target not found
Native extension for WebGL target not found
Refreshing native plugins compatible for Editor in 0.64 ms, found 2 plugins.
Preloading 0 native plugins for Editor in 0.00 ms.
Mono: successfully reloaded assembly
- Completed reload, in  0.971 seconds
Domain Reload Profiling:
	ReloadAssembly (971ms)
		BeginReloadAssembly (126ms)
			ExecutionOrderSort (0ms)
			DisableScriptedObjects (4ms)
			BackupInstance (0ms)
			ReleaseScriptingObjects (0ms)
			CreateAndSetChildDomain (34ms)
		EndReloadAssembly (783ms)
			LoadAssemblies (95ms)
			RebuildTransferFunctionScriptingTraits (0ms)
			SetupTypeCache (280ms)
			ReleaseScriptCaches (1ms)
			RebuildScriptCaches (40ms)
			SetupLoadedEditorAssemblies (282ms)
				LogAssemblyErrors (0ms)
				InitializePlatformSupportModulesInManaged (6ms)
				SetLoadedEditorAssemblies (0ms)
				RefreshPlugins (1ms)
				BeforeProcessingInitializeOnLoad (85ms)
				ProcessInitializeOnLoadAttributes (179ms)
				ProcessInitializeOnLoadMethodAttributes (3ms)
				AfterProcessingInitializeOnLoad (7ms)
				EditorAssembliesLoaded (0ms)
			ExecutionOrderSort2 (0ms)
			AwakeInstancesAfterBackupRestoration (6ms)
Platform modules already initialized, skipping
Refreshing native plugins compatible for Editor in 0.76 ms, found 2 plugins.
Preloading 0 native plugins for Editor in 0.00 ms.
Unloading 2804 Unused Serialized files (Serialized files now loaded: 0)
System memory in use before: 152.3 MB.
System memory in use after: 151.6 MB.

Unloading 17 unused Assets to reduce memory usage. Loaded Objects now: 3410.
Total: 4.305900 ms (FindLiveObjects: 0.326000 ms CreateObjectMapping: 0.079400 ms MarkObjects: 3.296700 ms  DeleteObjects: 0.602000 ms)

AssetImportParameters requested are different than current active one (requested -> active):
  custom:framework-win-MediaFoundation: 216162199b28c13a410421893ffa2e32 -> 
  custom:video-decoder-ogg-theora: a1e56fd34408186e4bbccfd4996cb3dc -> 
  custom:container-muxer-webm: aa71ff27fc2769a1b78a27578f13a17b -> 
  custom:container-demuxer-webm: 4f35f7cbe854078d1ac9338744f61a02 -> 
  custom:container-demuxer-ogg: 62fdf1f143b41e24485cea50d1cbac27 -> 
  custom:video-encoder-webm-vp8: eb34c28f22e8b96e1ab97ce403110664 -> 
  custom:video-codec-MediaFoundation-h265: 746d11721c4dcdbdad8f713fa42b33f4 -> 
  custom:video-decoder-webm-vp8: 9c59270c3fd7afecdb556c50c9e8de78 -> 
  custom:audio-decoder-ogg-vorbis: bf7c407c2cedff20999df2af8eb42d56 -> 
  custom:audio-encoder-webm-vorbis: bf7c407c2cedff20999df2af8eb42d56 -> 
========================================================================
Received Prepare
Registering precompiled user dll's ...
Registered in 0.004219 seconds.
Begin MonoManager ReloadAssembly
Native extension for WindowsStandalone target not found
Native extension for WebGL target not found
Refreshing native plugins compatible for Editor in 0.66 ms, found 2 plugins.
Preloading 0 native plugins for Editor in 0.00 ms.
Mono: successfully reloaded assembly
- Completed reload, in  0.928 seconds
Domain Reload Profiling:
	ReloadAssembly (929ms)
		BeginReloadAssembly (113ms)
			ExecutionOrderSort (0ms)
			DisableScriptedObjects (5ms)
			BackupInstance (0ms)
			ReleaseScriptingObjects (0ms)
			CreateAndSetChildDomain (38ms)
		EndReloadAssembly (755ms)
			LoadAssemblies (88ms)
			RebuildTransferFunctionScriptingTraits (0ms)
			SetupTypeCache (269ms)
			ReleaseScriptCaches (1ms)
			RebuildScriptCaches (43ms)
			SetupLoadedEditorAssemblies (273ms)
				LogAssemblyErrors (0ms)
				InitializePlatformSupportModulesInManaged (6ms)
				SetLoadedEditorAssemblies (0ms)
				RefreshPlugins (1ms)
				BeforeProcessingInitializeOnLoad (83ms)
				ProcessInitializeOnLoadAttributes (174ms)
				ProcessInitializeOnLoadMethodAttributes (3ms)
				AfterProcessingInitializeOnLoad (7ms)
				EditorAssembliesLoaded (0ms)
			ExecutionOrderSort2 (0ms)
			AwakeInstancesAfterBackupRestoration (6ms)
Platform modules already initialized, skipping
Refreshing native plugins compatible for Editor in 0.64 ms, found 2 plugins.
Preloading 0 native plugins for Editor in 0.00 ms.
Unloading 2804 Unused Serialized files (Serialized files now loaded: 0)
System memory in use before: 151.8 MB.
System memory in use after: 151.7 MB.

Unloading 14 unused Assets to reduce memory usage. Loaded Objects now: 3412.
Total: 3.613400 ms (FindLiveObjects: 0.322400 ms CreateObjectMapping: 0.074600 ms MarkObjects: 2.893200 ms  DeleteObjects: 0.321800 ms)

AssetImportParameters requested are different than current active one (requested -> active):
  custom:framework-win-MediaFoundation: 216162199b28c13a410421893ffa2e32 -> 
  custom:video-decoder-ogg-theora: a1e56fd34408186e4bbccfd4996cb3dc -> 
  custom:container-muxer-webm: aa71ff27fc2769a1b78a27578f13a17b -> 
  custom:container-demuxer-webm: 4f35f7cbe854078d1ac9338744f61a02 -> 
  custom:container-demuxer-ogg: 62fdf1f143b41e24485cea50d1cbac27 -> 
  custom:video-encoder-webm-vp8: eb34c28f22e8b96e1ab97ce403110664 -> 
  custom:video-codec-MediaFoundation-h265: 746d11721c4dcdbdad8f713fa42b33f4 -> 
  custom:video-decoder-webm-vp8: 9c59270c3fd7afecdb556c50c9e8de78 -> 
  custom:audio-decoder-ogg-vorbis: bf7c407c2cedff20999df2af8eb42d56 -> 
  custom:audio-encoder-webm-vorbis: bf7c407c2cedff20999df2af8eb42d56 -> 
AssetImportWorkerClient::OnTransportError - code=2 error=End of file
